2023-05-02 18:54:27.389 [JavaFX Application Thread] INFO  c.u.r.d.c.DatabaseConfiguration - Database connection was established
2023-05-02 18:54:27.398 [JavaFX Application Thread] INFO  c.u.r.d.c.DatabaseConfiguration - Database services were configured and database is ready to use
2023-05-02 18:55:35.699 [JavaFX Application Thread] INFO  c.u.r.d.c.DatabaseConfiguration - Database connection was established
2023-05-02 18:55:35.717 [JavaFX Application Thread] INFO  c.u.r.d.c.DatabaseConfiguration - Database services were configured and database is ready to use
2023-05-02 18:56:09.522 [JavaFX Application Thread] INFO  c.u.r.database.services.UserService - User with username {Mohammad} was saved in the database
2023-05-02 18:56:42.379 [JavaFX Application Thread] INFO  c.u.r.d.c.DatabaseConfiguration - Database connection was established
2023-05-02 18:56:42.385 [JavaFX Application Thread] INFO  c.u.r.d.c.DatabaseConfiguration - Database services were configured and database is ready to use
2023-05-02 18:58:09.244 [JavaFX Application Thread] INFO  c.u.r.d.c.DatabaseConfiguration - Database connection was established
2023-05-02 18:58:09.249 [JavaFX Application Thread] INFO  c.u.r.d.c.DatabaseConfiguration - Database services were configured and database is ready to use
2023-05-03 13:37:53.867 [JavaFX Application Thread] INFO  c.u.r.d.c.DatabaseConfiguration - Database connection was established
2023-05-03 13:37:53.879 [JavaFX Application Thread] INFO  c.u.r.d.c.DatabaseConfiguration - Database services were configured and database is ready to use
2023-05-03 13:38:04.619 [JavaFX Application Thread] INFO  c.u.r.database.services.UserService - User with username {Test} was saved in the database
2023-05-03 13:38:39.841 [JavaFX Application Thread] INFO  c.u.r.d.c.DatabaseConfiguration - Database connection was established
2023-05-03 13:38:39.861 [JavaFX Application Thread] INFO  c.u.r.d.c.DatabaseConfiguration - Database services were configured and database is ready to use
2023-05-03 13:38:56.988 [JavaFX Application Thread] INFO  c.u.r.d.c.DatabaseConfiguration - Database connection was established
2023-05-03 13:38:57.023 [JavaFX Application Thread] INFO  c.u.r.d.c.DatabaseConfiguration - Database services were configured and database is ready to use
2023-05-06 13:37:24.305 [JavaFX Application Thread] INFO  c.u.r.d.c.DatabaseConfiguration - Database connection was established
2023-05-06 13:37:24.319 [JavaFX Application Thread] INFO  c.u.r.d.c.DatabaseConfiguration - Database services were configured and database is ready to use
2023-05-06 13:37:33.532 [JavaFX Application Thread] INFO  c.u.r.database.services.UserService - User with username {Eliya} was saved in the database
2023-05-06 13:37:51.351 [nioEventLoopGroup-2-1] INFO  c.u.r.n.client.GameClientHandler - Connected successfully to Server!
2023-05-06 13:39:49.525 [JavaFX Application Thread] INFO  c.u.r.d.c.DatabaseConfiguration - Database connection was established
2023-05-06 13:39:49.548 [JavaFX Application Thread] INFO  c.u.r.d.c.DatabaseConfiguration - Database services were configured and database is ready to use
2023-05-06 13:39:49.822 [JavaFX Application Thread] INFO  c.u.r.database.services.UserService - User with id {1} was updated in the database
2023-05-06 13:40:03.036 [nioEventLoopGroup-2-1] INFO  c.u.r.n.client.GameClientHandler - Connected successfully to Server!
2023-05-06 13:44:57.214 [JavaFX Application Thread] INFO  c.u.r.d.c.DatabaseConfiguration - Database connection was established
2023-05-06 13:44:57.218 [JavaFX Application Thread] INFO  c.u.r.d.c.DatabaseConfiguration - Database services were configured and database is ready to use
2023-05-06 13:44:57.405 [JavaFX Application Thread] INFO  c.u.r.database.services.UserService - User with id {1} was updated in the database
2023-05-06 13:47:59.809 [JavaFX Application Thread] INFO  c.u.r.d.c.DatabaseConfiguration - Database connection was established
2023-05-06 13:47:59.814 [JavaFX Application Thread] INFO  c.u.r.d.c.DatabaseConfiguration - Database services were configured and database is ready to use
2023-05-06 13:47:59.946 [JavaFX Application Thread] INFO  c.u.r.database.services.UserService - User with id {1} was updated in the database
2023-05-06 13:51:21.622 [JavaFX Application Thread] INFO  c.u.r.d.c.DatabaseConfiguration - Database connection was established
2023-05-06 13:51:21.628 [JavaFX Application Thread] INFO  c.u.r.d.c.DatabaseConfiguration - Database services were configured and database is ready to use
2023-05-06 13:51:21.752 [JavaFX Application Thread] INFO  c.u.r.database.services.UserService - User with id {1} was updated in the database
